warn Package react-native-sqlite-storage contains invalid configuration: "dependency.platforms.ios.project" is not allowed. Please verify it's properly linked using "npx react-native config" command and contact the package maintainers about this.
info A dev server is already running for this project on port 8081.
info Installing the app...
> Task :gradle-plugin:settings-plugin:checkKotlinGradlePluginConfigurationErrors SKIPPED
> Task :gradle-plugin:shared:checkKotlinGradlePluginConfigurationErrors SKIPPED
> Task :gradle-plugin:shared:compileKotlin UP-TO-DATE
> Task :gradle-plugin:shared:compileJava NO-SOURCE
> Task :gradle-plugin:shared:processResources NO-SOURCE
> Task :gradle-plugin:shared:classes UP-TO-DATE
> Task :gradle-plugin:shared:jar UP-TO-DATE
> Task :gradle-plugin:settings-plugin:compileKotlin UP-TO-DATE
> Task :gradle-plugin:settings-plugin:compileJava NO-SOURCE
> Task :gradle-plugin:settings-plugin:pluginDescriptors UP-TO-DATE
> Task :gradle-plugin:settings-plugin:processResources UP-TO-DATE
> Task :gradle-plugin:settings-plugin:classes UP-TO-DATE
> Task :gradle-plugin:settings-plugin:jar UP-TO-DATE
> Task :gradle-plugin:react-native-gradle-plugin:checkKotlinGradlePluginConfigurationErrors SKIPPED
> Task :gradle-plugin:react-native-gradle-plugin:compileKotlin UP-TO-DATE
> Task :gradle-plugin:react-native-gradle-plugin:compileJava NO-SOURCE
> Task :gradle-plugin:react-native-gradle-plugin:pluginDescriptors UP-TO-DATE
> Task :gradle-plugin:react-native-gradle-plugin:processResources UP-TO-DATE
> Task :gradle-plugin:react-native-gradle-plugin:classes UP-TO-DATE
> Task :gradle-plugin:react-native-gradle-plugin:jar UP-TO-DATE

> Configure project :app
Reading env from: .env

> Configure project :react-native-reanimated
Android gradle plugin: 8.8.0
Gradle: 8.12

> Configure project :react-native-video
Kotlin version is correct: 2.0.21
AndroidX version is correct: 1.9.3
useExoplayerIMA: false
useExoplayerSmoothStreaming: true
useExoplayerDash: true
useExoplayerHls: true
useExoplayerRtsp: false
buildFromSource: false
WARNING: The specified Android SDK Build Tools version (34.0.0) is ignored, as it is below the minimum supported version (35.0.0) for Android Gradle Plugin 8.8.0.
Android SDK Build Tools 35.0.0 will be used.
To suppress this warning, remove "buildToolsVersion '34.0.0'" from your build.gradle file, as each version of the Android Gradle Plugin now has a default version of the build tools.

> Task :app:checkKotlinGradlePluginConfigurationErrors SKIPPED
> Task :app:generateAutolinkingNewArchitectureFiles UP-TO-DATE
> Task :app:generateAutolinkingPackageList UP-TO-DATE
> Task :app:generateCodegenSchemaFromJavaScript SKIPPED
> Task :app:generateCodegenArtifactsFromSchema SKIPPED
> Task :app:preBuild UP-TO-DATE
> Task :app:preDebugBuild UP-TO-DATE
> Task :app:generateDebugBuildConfig UP-TO-DATE
> Task :lottie-react-native:generateCodegenSchemaFromJavaScript UP-TO-DATE
> Task :lottie-react-native:generateCodegenArtifactsFromSchema UP-TO-DATE
> Task :lottie-react-native:preBuild UP-TO-DATE
> Task :lottie-react-native:preDebugBuild UP-TO-DATE
> Task :lottie-react-native:writeDebugAarMetadata UP-TO-DATE
> Task :mixpanel-react-native:preBuild UP-TO-DATE
> Task :mixpanel-react-native:preDebugBuild UP-TO-DATE
> Task :mixpanel-react-native:writeDebugAarMetadata UP-TO-DATE
> Task :react-native-audio-record:preBuild UP-TO-DATE
> Task :react-native-audio-record:preDebugBuild UP-TO-DATE
> Task :react-native-audio-record:writeDebugAarMetadata UP-TO-DATE
> Task :react-native-audio-recorder-player:preBuild UP-TO-DATE
> Task :react-native-audio-recorder-player:preDebugBuild UP-TO-DATE
> Task :react-native-audio-recorder-player:writeDebugAarMetadata UP-TO-DATE
> Task :react-native-auth0:preBuild UP-TO-DATE
> Task :react-native-auth0:preDebugBuild UP-TO-DATE
> Task :react-native-auth0:writeDebugAarMetadata UP-TO-DATE
> Task :react-native-community_geolocation:generateCodegenSchemaFromJavaScript UP-TO-DATE
> Task :react-native-community_geolocation:generateCodegenArtifactsFromSchema UP-TO-DATE
> Task :react-native-community_geolocation:preBuild UP-TO-DATE
> Task :react-native-community_geolocation:preDebugBuild UP-TO-DATE
> Task :react-native-community_geolocation:writeDebugAarMetadata UP-TO-DATE
> Task :react-native-community_netinfo:preBuild UP-TO-DATE
> Task :react-native-community_netinfo:preDebugBuild UP-TO-DATE
> Task :react-native-community_netinfo:writeDebugAarMetadata UP-TO-DATE
> Task :react-native-community_slider:generateCodegenSchemaFromJavaScript UP-TO-DATE
> Task :react-native-community_slider:generateCodegenArtifactsFromSchema UP-TO-DATE
> Task :react-native-community_slider:preBuild UP-TO-DATE
> Task :react-native-community_slider:preDebugBuild UP-TO-DATE
> Task :react-native-community_slider:writeDebugAarMetadata UP-TO-DATE
> Task :react-native-config:preBuild UP-TO-DATE
> Task :react-native-config:preDebugBuild UP-TO-DATE
> Task :react-native-config:writeDebugAarMetadata UP-TO-DATE
> Task :react-native-default-preference:preBuild UP-TO-DATE
> Task :react-native-default-preference:preDebugBuild UP-TO-DATE
> Task :react-native-default-preference:writeDebugAarMetadata UP-TO-DATE
> Task :react-native-device-info:preBuild UP-TO-DATE
> Task :react-native-device-info:preDebugBuild UP-TO-DATE
> Task :react-native-device-info:writeDebugAarMetadata UP-TO-DATE
> Task :react-native-fast-image:preBuild UP-TO-DATE
> Task :react-native-fast-image:preDebugBuild UP-TO-DATE
> Task :react-native-fast-image:writeDebugAarMetadata UP-TO-DATE
> Task :react-native-fs:preBuild UP-TO-DATE
> Task :react-native-fs:preDebugBuild UP-TO-DATE
> Task :react-native-fs:writeDebugAarMetadata UP-TO-DATE
> Task :react-native-gesture-handler:generateCodegenSchemaFromJavaScript UP-TO-DATE
> Task :react-native-gesture-handler:generateCodegenArtifactsFromSchema UP-TO-DATE
> Task :react-native-gesture-handler:preBuild UP-TO-DATE
> Task :react-native-gesture-handler:preDebugBuild UP-TO-DATE
> Task :react-native-gesture-handler:writeDebugAarMetadata UP-TO-DATE
> Task :react-native-iap:generateCodegenSchemaFromJavaScript UP-TO-DATE
> Task :react-native-iap:generateCodegenArtifactsFromSchema UP-TO-DATE
> Task :react-native-iap:preBuild UP-TO-DATE
> Task :react-native-iap:prePlayDebugBuild UP-TO-DATE
> Task :react-native-iap:writePlayDebugAarMetadata UP-TO-DATE
> Task :react-native-image-picker:generateCodegenSchemaFromJavaScript UP-TO-DATE
> Task :react-native-image-picker:generateCodegenArtifactsFromSchema UP-TO-DATE
> Task :react-native-image-picker:preBuild UP-TO-DATE
> Task :react-native-image-picker:preDebugBuild UP-TO-DATE
> Task :react-native-image-picker:writeDebugAarMetadata UP-TO-DATE
> Task :react-native-linear-gradient:preBuild UP-TO-DATE
> Task :react-native-linear-gradient:preDebugBuild UP-TO-DATE
> Task :react-native-linear-gradient:writeDebugAarMetadata UP-TO-DATE
> Task :react-native-orientation-locker:preBuild UP-TO-DATE
> Task :react-native-orientation-locker:preDebugBuild UP-TO-DATE
> Task :react-native-orientation-locker:writeDebugAarMetadata UP-TO-DATE
> Task :react-native-permissions:generateCodegenSchemaFromJavaScript UP-TO-DATE
> Task :react-native-permissions:generateCodegenArtifactsFromSchema UP-TO-DATE
> Task :react-native-permissions:preBuild UP-TO-DATE
> Task :react-native-permissions:preDebugBuild UP-TO-DATE
> Task :react-native-permissions:writeDebugAarMetadata UP-TO-DATE
> Task :react-native-reanimated:assertMinimalReactNativeVersionTask SKIPPED
> Task :react-native-reanimated:generateCodegenSchemaFromJavaScript UP-TO-DATE
> Task :react-native-reanimated:generateCodegenArtifactsFromSchema UP-TO-DATE
> Task :react-native-reanimated:prepareReanimatedHeadersForPrefabs UP-TO-DATE
> Task :react-native-reanimated:prepareWorkletsHeadersForPrefabs UP-TO-DATE
> Task :react-native-reanimated:preBuild UP-TO-DATE
> Task :react-native-reanimated:preDebugBuild UP-TO-DATE
> Task :react-native-reanimated:writeDebugAarMetadata UP-TO-DATE
> Task :react-native-safe-area-context:generateCodegenSchemaFromJavaScript UP-TO-DATE
> Task :react-native-safe-area-context:generateCodegenArtifactsFromSchema UP-TO-DATE
> Task :react-native-safe-area-context:preBuild UP-TO-DATE
> Task :react-native-safe-area-context:preDebugBuild UP-TO-DATE
> Task :react-native-safe-area-context:writeDebugAarMetadata UP-TO-DATE
> Task :react-native-sound:preBuild UP-TO-DATE
> Task :react-native-sound:preDebugBuild UP-TO-DATE
> Task :react-native-sound:writeDebugAarMetadata UP-TO-DATE
> Task :react-native-sqlite-storage:preBuild UP-TO-DATE
> Task :react-native-sqlite-storage:preDebugBuild UP-TO-DATE
> Task :react-native-sqlite-storage:writeDebugAarMetadata UP-TO-DATE
> Task :react-native-tts:preBuild UP-TO-DATE
> Task :react-native-tts:preDebugBuild UP-TO-DATE
> Task :react-native-tts:writeDebugAarMetadata UP-TO-DATE
> Task :react-native-video:preBuild UP-TO-DATE
> Task :react-native-video:preDebugBuild UP-TO-DATE
> Task :react-native-video:writeDebugAarMetadata UP-TO-DATE
> Task :react-native-voice_voice:preBuild UP-TO-DATE
> Task :react-native-voice_voice:preDebugBuild UP-TO-DATE
> Task :react-native-voice_voice:writeDebugAarMetadata UP-TO-DATE
> Task :react-native-wakeword:preBuild UP-TO-DATE
> Task :react-native-wakeword:preDebugBuild UP-TO-DATE
> Task :react-native-wakeword:writeDebugAarMetadata UP-TO-DATE
> Task :react-native-webview:generateCodegenSchemaFromJavaScript UP-TO-DATE
> Task :react-native-webview:generateCodegenArtifactsFromSchema UP-TO-DATE
> Task :react-native-webview:preBuild UP-TO-DATE
> Task :react-native-webview:preDebugBuild UP-TO-DATE
> Task :react-native-webview:writeDebugAarMetadata UP-TO-DATE
> Task :whisper.rn:generateCodegenSchemaFromJavaScript UP-TO-DATE
> Task :whisper.rn:generateCodegenArtifactsFromSchema UP-TO-DATE
> Task :whisper.rn:preBuild UP-TO-DATE
> Task :whisper.rn:preDebugBuild UP-TO-DATE
> Task :whisper.rn:writeDebugAarMetadata UP-TO-DATE
> Task :app:checkDebugAarMetadata UP-TO-DATE
> Task :app:generateDebugResValues UP-TO-DATE
> Task :lottie-react-native:generateDebugResValues UP-TO-DATE
> Task :lottie-react-native:generateDebugResources UP-TO-DATE
> Task :lottie-react-native:packageDebugResources UP-TO-DATE
> Task :mixpanel-react-native:generateDebugResValues UP-TO-DATE
> Task :mixpanel-react-native:generateDebugResources UP-TO-DATE
> Task :mixpanel-react-native:packageDebugResources UP-TO-DATE
> Task :react-native-audio-record:generateDebugResValues UP-TO-DATE
> Task :react-native-audio-record:generateDebugResources UP-TO-DATE
> Task :react-native-audio-record:packageDebugResources UP-TO-DATE
> Task :react-native-audio-recorder-player:generateDebugResValues UP-TO-DATE
> Task :react-native-audio-recorder-player:generateDebugResources UP-TO-DATE
> Task :react-native-audio-recorder-player:packageDebugResources UP-TO-DATE
> Task :react-native-auth0:generateDebugResValues UP-TO-DATE
> Task :react-native-auth0:generateDebugResources UP-TO-DATE
> Task :react-native-auth0:packageDebugResources UP-TO-DATE
> Task :react-native-community_geolocation:generateDebugResValues UP-TO-DATE
> Task :react-native-community_geolocation:generateDebugResources UP-TO-DATE
> Task :react-native-community_geolocation:packageDebugResources UP-TO-DATE
> Task :react-native-community_netinfo:generateDebugResValues UP-TO-DATE
> Task :react-native-community_netinfo:generateDebugResources UP-TO-DATE
> Task :react-native-community_netinfo:packageDebugResources UP-TO-DATE
> Task :react-native-community_slider:generateDebugResValues UP-TO-DATE
> Task :react-native-community_slider:generateDebugResources UP-TO-DATE
> Task :react-native-community_slider:packageDebugResources UP-TO-DATE
> Task :react-native-config:generateDebugResValues UP-TO-DATE
> Task :react-native-config:generateDebugResources UP-TO-DATE
> Task :react-native-config:packageDebugResources UP-TO-DATE
> Task :react-native-default-preference:generateDebugResValues UP-TO-DATE
> Task :react-native-default-preference:generateDebugResources UP-TO-DATE
> Task :react-native-default-preference:packageDebugResources UP-TO-DATE
> Task :react-native-device-info:generateDebugResValues UP-TO-DATE
> Task :react-native-device-info:generateDebugResources UP-TO-DATE
> Task :react-native-device-info:packageDebugResources UP-TO-DATE
> Task :react-native-fast-image:generateDebugResValues UP-TO-DATE
> Task :react-native-fast-image:generateDebugResources UP-TO-DATE
> Task :react-native-fast-image:packageDebugResources UP-TO-DATE
> Task :react-native-fs:generateDebugResValues UP-TO-DATE
> Task :react-native-fs:generateDebugResources UP-TO-DATE
> Task :react-native-fs:packageDebugResources UP-TO-DATE
> Task :react-native-gesture-handler:generateDebugResValues UP-TO-DATE
> Task :react-native-gesture-handler:generateDebugResources UP-TO-DATE
> Task :react-native-gesture-handler:packageDebugResources UP-TO-DATE
> Task :react-native-iap:generatePlayDebugResValues UP-TO-DATE
> Task :react-native-iap:generatePlayDebugResources UP-TO-DATE
> Task :react-native-iap:packagePlayDebugResources UP-TO-DATE
> Task :react-native-image-picker:generateDebugResValues UP-TO-DATE
> Task :react-native-image-picker:generateDebugResources UP-TO-DATE
> Task :react-native-image-picker:packageDebugResources UP-TO-DATE
> Task :react-native-linear-gradient:generateDebugResValues UP-TO-DATE
> Task :react-native-linear-gradient:generateDebugResources UP-TO-DATE
> Task :react-native-linear-gradient:packageDebugResources UP-TO-DATE
> Task :react-native-orientation-locker:generateDebugResValues UP-TO-DATE
> Task :react-native-orientation-locker:generateDebugResources UP-TO-DATE
> Task :react-native-orientation-locker:packageDebugResources UP-TO-DATE
> Task :react-native-permissions:generateDebugResValues UP-TO-DATE
> Task :react-native-permissions:generateDebugResources UP-TO-DATE
> Task :react-native-permissions:packageDebugResources UP-TO-DATE
> Task :react-native-reanimated:generateDebugResValues UP-TO-DATE
> Task :react-native-reanimated:generateDebugResources UP-TO-DATE
> Task :react-native-reanimated:packageDebugResources UP-TO-DATE
> Task :react-native-safe-area-context:generateDebugResValues UP-TO-DATE
> Task :react-native-safe-area-context:generateDebugResources UP-TO-DATE
> Task :react-native-safe-area-context:packageDebugResources UP-TO-DATE
> Task :react-native-sound:generateDebugResValues UP-TO-DATE
> Task :react-native-sound:generateDebugResources UP-TO-DATE
> Task :react-native-sound:packageDebugResources UP-TO-DATE
> Task :react-native-sqlite-storage:generateDebugResValues UP-TO-DATE
> Task :react-native-sqlite-storage:generateDebugResources UP-TO-DATE
> Task :react-native-sqlite-storage:packageDebugResources UP-TO-DATE
> Task :react-native-tts:generateDebugResValues UP-TO-DATE
> Task :react-native-tts:generateDebugResources UP-TO-DATE
> Task :react-native-tts:packageDebugResources UP-TO-DATE
> Task :react-native-video:generateDebugResValues UP-TO-DATE
> Task :react-native-video:generateDebugResources UP-TO-DATE
> Task :react-native-video:packageDebugResources UP-TO-DATE
> Task :react-native-voice_voice:generateDebugResValues UP-TO-DATE
> Task :react-native-voice_voice:generateDebugResources UP-TO-DATE
> Task :react-native-voice_voice:packageDebugResources UP-TO-DATE
> Task :react-native-wakeword:generateDebugResValues UP-TO-DATE
> Task :react-native-wakeword:generateDebugResources UP-TO-DATE
> Task :react-native-wakeword:packageDebugResources UP-TO-DATE
> Task :react-native-webview:generateDebugResValues UP-TO-DATE
> Task :react-native-webview:generateDebugResources UP-TO-DATE
> Task :react-native-webview:packageDebugResources UP-TO-DATE
> Task :whisper.rn:generateDebugResValues UP-TO-DATE
> Task :whisper.rn:generateDebugResources UP-TO-DATE
> Task :whisper.rn:packageDebugResources UP-TO-DATE
> Task :app:mapDebugSourceSetPaths UP-TO-DATE
> Task :app:generateDebugResources UP-TO-DATE
> Task :app:mergeDebugResources UP-TO-DATE
> Task :app:packageDebugResources UP-TO-DATE
> Task :app:parseDebugLocalResources UP-TO-DATE
> Task :app:createDebugCompatibleScreenManifests UP-TO-DATE
> Task :app:extractDeepLinksDebug UP-TO-DATE
> Task :lottie-react-native:extractDeepLinksDebug UP-TO-DATE
> Task :lottie-react-native:processDebugManifest UP-TO-DATE
> Task :mixpanel-react-native:extractDeepLinksDebug UP-TO-DATE
> Task :mixpanel-react-native:processDebugManifest UP-TO-DATE
> Task :react-native-audio-record:extractDeepLinksDebug UP-TO-DATE
> Task :react-native-audio-record:processDebugManifest UP-TO-DATE
> Task :react-native-audio-recorder-player:extractDeepLinksDebug UP-TO-DATE
> Task :react-native-audio-recorder-player:processDebugManifest UP-TO-DATE
> Task :react-native-auth0:extractDeepLinksDebug UP-TO-DATE
> Task :react-native-auth0:processDebugManifest UP-TO-DATE
> Task :react-native-community_geolocation:extractDeepLinksDebug UP-TO-DATE
> Task :react-native-community_geolocation:processDebugManifest UP-TO-DATE
> Task :react-native-community_netinfo:extractDeepLinksDebug UP-TO-DATE
> Task :react-native-community_netinfo:processDebugManifest UP-TO-DATE
> Task :react-native-community_slider:extractDeepLinksDebug UP-TO-DATE
> Task :react-native-community_slider:processDebugManifest UP-TO-DATE
> Task :react-native-config:extractDeepLinksDebug UP-TO-DATE
> Task :react-native-config:processDebugManifest UP-TO-DATE
> Task :react-native-default-preference:extractDeepLinksDebug UP-TO-DATE
> Task :react-native-default-preference:processDebugManifest UP-TO-DATE
> Task :react-native-device-info:extractDeepLinksDebug UP-TO-DATE
> Task :react-native-device-info:processDebugManifest UP-TO-DATE
> Task :react-native-fast-image:extractDeepLinksDebug UP-TO-DATE
> Task :react-native-fast-image:processDebugManifest UP-TO-DATE
> Task :react-native-fs:extractDeepLinksDebug UP-TO-DATE
> Task :react-native-fs:processDebugManifest UP-TO-DATE
> Task :react-native-gesture-handler:extractDeepLinksDebug UP-TO-DATE
> Task :react-native-gesture-handler:processDebugManifest UP-TO-DATE
> Task :react-native-iap:extractDeepLinksPlayDebug UP-TO-DATE
> Task :react-native-iap:processPlayDebugManifest UP-TO-DATE
> Task :react-native-image-picker:extractDeepLinksDebug UP-TO-DATE
> Task :react-native-image-picker:processDebugManifest UP-TO-DATE
> Task :react-native-linear-gradient:extractDeepLinksDebug UP-TO-DATE
> Task :react-native-linear-gradient:processDebugManifest UP-TO-DATE
> Task :react-native-orientation-locker:extractDeepLinksDebug UP-TO-DATE
> Task :react-native-orientation-locker:processDebugManifest UP-TO-DATE
> Task :react-native-permissions:extractDeepLinksDebug UP-TO-DATE
> Task :react-native-permissions:processDebugManifest UP-TO-DATE
> Task :react-native-reanimated:extractDeepLinksDebug UP-TO-DATE
> Task :react-native-reanimated:processDebugManifest UP-TO-DATE
> Task :react-native-safe-area-context:extractDeepLinksDebug UP-TO-DATE
> Task :react-native-safe-area-context:processDebugManifest UP-TO-DATE
> Task :react-native-sound:extractDeepLinksDebug UP-TO-DATE
> Task :react-native-sound:processDebugManifest UP-TO-DATE
> Task :react-native-sqlite-storage:extractDeepLinksDebug UP-TO-DATE
> Task :react-native-sqlite-storage:processDebugManifest UP-TO-DATE
> Task :react-native-tts:extractDeepLinksDebug UP-TO-DATE
> Task :react-native-tts:processDebugManifest UP-TO-DATE
> Task :react-native-video:extractDeepLinksDebug UP-TO-DATE
> Task :react-native-video:processDebugManifest UP-TO-DATE
> Task :react-native-voice_voice:extractDeepLinksDebug UP-TO-DATE
> Task :react-native-voice_voice:processDebugManifest UP-TO-DATE
> Task :react-native-wakeword:extractDeepLinksDebug UP-TO-DATE
> Task :react-native-wakeword:processDebugManifest UP-TO-DATE
> Task :react-native-webview:extractDeepLinksDebug UP-TO-DATE
> Task :react-native-webview:processDebugManifest UP-TO-DATE
> Task :whisper.rn:extractDeepLinksDebug UP-TO-DATE
> Task :whisper.rn:processDebugManifest UP-TO-DATE
> Task :app:processDebugMainManifest UP-TO-DATE
> Task :app:processDebugManifest UP-TO-DATE
> Task :app:processDebugManifestForPackage UP-TO-DATE
> Task :lottie-react-native:compileDebugLibraryResources UP-TO-DATE
> Task :lottie-react-native:parseDebugLocalResources UP-TO-DATE
> Task :lottie-react-native:generateDebugRFile UP-TO-DATE
> Task :mixpanel-react-native:compileDebugLibraryResources UP-TO-DATE
> Task :mixpanel-react-native:parseDebugLocalResources UP-TO-DATE
> Task :mixpanel-react-native:generateDebugRFile UP-TO-DATE
> Task :react-native-audio-record:compileDebugLibraryResources UP-TO-DATE
> Task :react-native-audio-record:parseDebugLocalResources UP-TO-DATE
> Task :react-native-audio-record:generateDebugRFile UP-TO-DATE
> Task :react-native-audio-recorder-player:compileDebugLibraryResources UP-TO-DATE
> Task :react-native-audio-recorder-player:parseDebugLocalResources UP-TO-DATE
> Task :react-native-audio-recorder-player:generateDebugRFile UP-TO-DATE
> Task :react-native-auth0:compileDebugLibraryResources UP-TO-DATE
> Task :react-native-auth0:parseDebugLocalResources UP-TO-DATE
> Task :react-native-auth0:generateDebugRFile UP-TO-DATE
> Task :react-native-community_geolocation:compileDebugLibraryResources UP-TO-DATE
> Task :react-native-community_geolocation:parseDebugLocalResources UP-TO-DATE
> Task :react-native-community_geolocation:generateDebugRFile UP-TO-DATE
> Task :react-native-community_netinfo:compileDebugLibraryResources UP-TO-DATE
> Task :react-native-community_netinfo:parseDebugLocalResources UP-TO-DATE
> Task :react-native-community_netinfo:generateDebugRFile UP-TO-DATE
> Task :react-native-community_slider:compileDebugLibraryResources UP-TO-DATE
> Task :react-native-community_slider:parseDebugLocalResources UP-TO-DATE
> Task :react-native-community_slider:generateDebugRFile UP-TO-DATE
> Task :react-native-config:compileDebugLibraryResources UP-TO-DATE
> Task :react-native-config:parseDebugLocalResources UP-TO-DATE
> Task :react-native-config:generateDebugRFile UP-TO-DATE
> Task :react-native-default-preference:compileDebugLibraryResources UP-TO-DATE
> Task :react-native-default-preference:parseDebugLocalResources UP-TO-DATE
> Task :react-native-default-preference:generateDebugRFile UP-TO-DATE
> Task :react-native-device-info:compileDebugLibraryResources UP-TO-DATE
> Task :react-native-device-info:parseDebugLocalResources UP-TO-DATE
> Task :react-native-device-info:generateDebugRFile UP-TO-DATE
> Task :react-native-fast-image:compileDebugLibraryResources UP-TO-DATE
> Task :react-native-fast-image:parseDebugLocalResources UP-TO-DATE
> Task :react-native-fast-image:generateDebugRFile UP-TO-DATE
> Task :react-native-fs:compileDebugLibraryResources UP-TO-DATE
> Task :react-native-fs:parseDebugLocalResources UP-TO-DATE
> Task :react-native-fs:generateDebugRFile UP-TO-DATE
> Task :react-native-gesture-handler:compileDebugLibraryResources UP-TO-DATE
> Task :react-native-gesture-handler:parseDebugLocalResources UP-TO-DATE
> Task :react-native-gesture-handler:generateDebugRFile UP-TO-DATE
> Task :react-native-iap:compilePlayDebugLibraryResources UP-TO-DATE
> Task :react-native-iap:parsePlayDebugLocalResources UP-TO-DATE
> Task :react-native-iap:generatePlayDebugRFile UP-TO-DATE
> Task :react-native-image-picker:compileDebugLibraryResources UP-TO-DATE
> Task :react-native-image-picker:parseDebugLocalResources UP-TO-DATE
> Task :react-native-image-picker:generateDebugRFile UP-TO-DATE
> Task :react-native-linear-gradient:compileDebugLibraryResources UP-TO-DATE
> Task :react-native-linear-gradient:parseDebugLocalResources UP-TO-DATE
> Task :react-native-linear-gradient:generateDebugRFile UP-TO-DATE
> Task :react-native-orientation-locker:compileDebugLibraryResources UP-TO-DATE
> Task :react-native-orientation-locker:parseDebugLocalResources UP-TO-DATE
> Task :react-native-orientation-locker:generateDebugRFile UP-TO-DATE
> Task :react-native-permissions:compileDebugLibraryResources UP-TO-DATE
> Task :react-native-permissions:parseDebugLocalResources UP-TO-DATE
> Task :react-native-permissions:generateDebugRFile UP-TO-DATE
> Task :react-native-reanimated:compileDebugLibraryResources UP-TO-DATE
> Task :react-native-reanimated:parseDebugLocalResources UP-TO-DATE
> Task :react-native-reanimated:generateDebugRFile UP-TO-DATE
> Task :react-native-safe-area-context:compileDebugLibraryResources UP-TO-DATE
> Task :react-native-safe-area-context:parseDebugLocalResources UP-TO-DATE
> Task :react-native-safe-area-context:generateDebugRFile UP-TO-DATE
> Task :react-native-sound:compileDebugLibraryResources UP-TO-DATE
> Task :react-native-sound:parseDebugLocalResources UP-TO-DATE
> Task :react-native-sound:generateDebugRFile UP-TO-DATE
> Task :react-native-sqlite-storage:compileDebugLibraryResources UP-TO-DATE
> Task :react-native-sqlite-storage:parseDebugLocalResources UP-TO-DATE
> Task :react-native-sqlite-storage:generateDebugRFile UP-TO-DATE
> Task :react-native-tts:compileDebugLibraryResources UP-TO-DATE
> Task :react-native-tts:parseDebugLocalResources UP-TO-DATE
> Task :react-native-tts:generateDebugRFile UP-TO-DATE
> Task :react-native-video:compileDebugLibraryResources UP-TO-DATE
> Task :react-native-video:parseDebugLocalResources UP-TO-DATE
> Task :react-native-video:generateDebugRFile UP-TO-DATE
> Task :react-native-voice_voice:compileDebugLibraryResources UP-TO-DATE
> Task :react-native-voice_voice:parseDebugLocalResources UP-TO-DATE
> Task :react-native-voice_voice:generateDebugRFile UP-TO-DATE
> Task :react-native-wakeword:compileDebugLibraryResources UP-TO-DATE
> Task :react-native-wakeword:parseDebugLocalResources UP-TO-DATE
> Task :react-native-wakeword:generateDebugRFile UP-TO-DATE
> Task :react-native-webview:compileDebugLibraryResources UP-TO-DATE
> Task :react-native-webview:parseDebugLocalResources UP-TO-DATE
> Task :react-native-webview:generateDebugRFile UP-TO-DATE
> Task :whisper.rn:compileDebugLibraryResources UP-TO-DATE
> Task :whisper.rn:parseDebugLocalResources UP-TO-DATE
> Task :whisper.rn:generateDebugRFile UP-TO-DATE
> Task :app:processDebugResources UP-TO-DATE
> Task :lottie-react-native:checkKotlinGradlePluginConfigurationErrors SKIPPED
> Task :lottie-react-native:generateDebugBuildConfig UP-TO-DATE
> Task :lottie-react-native:compileDebugKotlin UP-TO-DATE
> Task :lottie-react-native:javaPreCompileDebug UP-TO-DATE
> Task :lottie-react-native:compileDebugJavaWithJavac UP-TO-DATE
> Task :lottie-react-native:bundleLibCompileToJarDebug UP-TO-DATE
> Task :mixpanel-react-native:generateDebugBuildConfig UP-TO-DATE
> Task :mixpanel-react-native:javaPreCompileDebug UP-TO-DATE
> Task :mixpanel-react-native:compileDebugJavaWithJavac UP-TO-DATE
> Task :mixpanel-react-native:bundleLibCompileToJarDebug UP-TO-DATE
> Task :react-native-audio-record:generateDebugBuildConfig UP-TO-DATE
> Task :react-native-audio-record:javaPreCompileDebug UP-TO-DATE
> Task :react-native-audio-record:compileDebugJavaWithJavac UP-TO-DATE
> Task :react-native-audio-record:bundleLibCompileToJarDebug UP-TO-DATE
> Task :react-native-audio-recorder-player:checkKotlinGradlePluginConfigurationErrors SKIPPED
> Task :react-native-audio-recorder-player:generateDebugBuildConfig UP-TO-DATE
> Task :react-native-audio-recorder-player:compileDebugKotlin UP-TO-DATE
> Task :react-native-audio-recorder-player:javaPreCompileDebug UP-TO-DATE
> Task :react-native-audio-recorder-player:compileDebugJavaWithJavac UP-TO-DATE
> Task :react-native-audio-recorder-player:bundleLibCompileToJarDebug UP-TO-DATE
> Task :react-native-auth0:generateDebugBuildConfig UP-TO-DATE
> Task :react-native-auth0:javaPreCompileDebug UP-TO-DATE
> Task :react-native-auth0:compileDebugJavaWithJavac UP-TO-DATE
> Task :react-native-auth0:bundleLibCompileToJarDebug UP-TO-DATE
> Task :react-native-community_geolocation:generateDebugBuildConfig UP-TO-DATE
> Task :react-native-community_geolocation:javaPreCompileDebug UP-TO-DATE
> Task :react-native-community_geolocation:compileDebugJavaWithJavac UP-TO-DATE
> Task :react-native-community_geolocation:bundleLibCompileToJarDebug UP-TO-DATE
> Task :react-native-community_netinfo:generateDebugBuildConfig UP-TO-DATE
> Task :react-native-community_netinfo:javaPreCompileDebug UP-TO-DATE
> Task :react-native-community_netinfo:compileDebugJavaWithJavac UP-TO-DATE
> Task :react-native-community_netinfo:bundleLibCompileToJarDebug UP-TO-DATE
> Task :react-native-community_slider:generateDebugBuildConfig UP-TO-DATE
> Task :react-native-community_slider:javaPreCompileDebug UP-TO-DATE
> Task :react-native-community_slider:compileDebugJavaWithJavac UP-TO-DATE
> Task :react-native-community_slider:bundleLibCompileToJarDebug UP-TO-DATE
> Task :react-native-config:generateDebugBuildConfig UP-TO-DATE
> Task :react-native-config:javaPreCompileDebug UP-TO-DATE
> Task :react-native-config:compileDebugJavaWithJavac UP-TO-DATE
> Task :react-native-config:bundleLibCompileToJarDebug UP-TO-DATE
> Task :react-native-default-preference:generateDebugBuildConfig UP-TO-DATE
> Task :react-native-default-preference:javaPreCompileDebug UP-TO-DATE
> Task :react-native-default-preference:compileDebugJavaWithJavac UP-TO-DATE
> Task :react-native-default-preference:bundleLibCompileToJarDebug UP-TO-DATE
> Task :react-native-device-info:generateDebugBuildConfig UP-TO-DATE
> Task :react-native-device-info:javaPreCompileDebug UP-TO-DATE
> Task :react-native-device-info:compileDebugJavaWithJavac UP-TO-DATE
> Task :react-native-device-info:bundleLibCompileToJarDebug UP-TO-DATE
> Task :react-native-fast-image:generateDebugBuildConfig UP-TO-DATE
> Task :react-native-fast-image:javaPreCompileDebug UP-TO-DATE
> Task :react-native-fast-image:compileDebugJavaWithJavac UP-TO-DATE
> Task :react-native-fast-image:bundleLibCompileToJarDebug UP-TO-DATE
> Task :react-native-fs:generateDebugBuildConfig UP-TO-DATE
> Task :react-native-fs:javaPreCompileDebug UP-TO-DATE
> Task :react-native-fs:compileDebugJavaWithJavac UP-TO-DATE
> Task :react-native-fs:bundleLibCompileToJarDebug UP-TO-DATE
> Task :react-native-gesture-handler:checkKotlinGradlePluginConfigurationErrors SKIPPED
> Task :react-native-gesture-handler:generateDebugBuildConfig UP-TO-DATE
> Task :react-native-reanimated:generateDebugBuildConfig UP-TO-DATE
> Task :react-native-reanimated:javaPreCompileDebug UP-TO-DATE
> Task :react-native-reanimated:packageNdkLibs NO-SOURCE
> Task :react-native-reanimated:compileDebugJavaWithJavac UP-TO-DATE
> Task :react-native-reanimated:bundleLibCompileToJarDebug UP-TO-DATE
> Task :react-native-gesture-handler:compileDebugKotlin UP-TO-DATE
> Task :react-native-gesture-handler:javaPreCompileDebug UP-TO-DATE
> Task :react-native-gesture-handler:compileDebugJavaWithJavac UP-TO-DATE
> Task :react-native-gesture-handler:bundleLibCompileToJarDebug UP-TO-DATE
> Task :react-native-iap:checkKotlinGradlePluginConfigurationErrors SKIPPED
> Task :react-native-iap:generatePlayDebugBuildConfig UP-TO-DATE
> Task :react-native-iap:compilePlayDebugKotlin UP-TO-DATE
> Task :react-native-iap:javaPreCompilePlayDebug UP-TO-DATE
> Task :react-native-iap:compilePlayDebugJavaWithJavac UP-TO-DATE
> Task :react-native-iap:bundleLibCompileToJarPlayDebug UP-TO-DATE
> Task :react-native-image-picker:generateDebugBuildConfig UP-TO-DATE
> Task :react-native-image-picker:javaPreCompileDebug UP-TO-DATE
> Task :react-native-image-picker:compileDebugJavaWithJavac UP-TO-DATE
> Task :react-native-image-picker:bundleLibCompileToJarDebug UP-TO-DATE
> Task :react-native-linear-gradient:generateDebugBuildConfig UP-TO-DATE
> Task :react-native-linear-gradient:javaPreCompileDebug UP-TO-DATE
> Task :react-native-linear-gradient:compileDebugJavaWithJavac UP-TO-DATE
> Task :react-native-linear-gradient:bundleLibCompileToJarDebug UP-TO-DATE
> Task :react-native-orientation-locker:generateDebugBuildConfig UP-TO-DATE
> Task :react-native-orientation-locker:javaPreCompileDebug UP-TO-DATE
> Task :react-native-orientation-locker:compileDebugJavaWithJavac UP-TO-DATE
> Task :react-native-orientation-locker:bundleLibCompileToJarDebug UP-TO-DATE
> Task :react-native-permissions:checkKotlinGradlePluginConfigurationErrors SKIPPED
> Task :react-native-permissions:generateDebugBuildConfig UP-TO-DATE
> Task :react-native-permissions:compileDebugKotlin UP-TO-DATE
> Task :react-native-permissions:javaPreCompileDebug UP-TO-DATE
> Task :react-native-permissions:compileDebugJavaWithJavac UP-TO-DATE
> Task :react-native-permissions:bundleLibCompileToJarDebug UP-TO-DATE
> Task :react-native-safe-area-context:checkKotlinGradlePluginConfigurationErrors SKIPPED
> Task :react-native-safe-area-context:generateDebugBuildConfig UP-TO-DATE
> Task :react-native-safe-area-context:compileDebugKotlin UP-TO-DATE
> Task :react-native-safe-area-context:javaPreCompileDebug UP-TO-DATE
> Task :react-native-safe-area-context:compileDebugJavaWithJavac UP-TO-DATE
> Task :react-native-safe-area-context:bundleLibCompileToJarDebug UP-TO-DATE
> Task :react-native-sound:generateDebugBuildConfig UP-TO-DATE
> Task :react-native-sound:javaPreCompileDebug UP-TO-DATE
> Task :react-native-sound:compileDebugJavaWithJavac UP-TO-DATE
> Task :react-native-sound:bundleLibCompileToJarDebug UP-TO-DATE
> Task :react-native-sqlite-storage:generateDebugBuildConfig UP-TO-DATE
> Task :react-native-sqlite-storage:javaPreCompileDebug UP-TO-DATE
> Task :react-native-sqlite-storage:compileDebugJavaWithJavac UP-TO-DATE
> Task :react-native-sqlite-storage:bundleLibCompileToJarDebug UP-TO-DATE
> Task :react-native-tts:generateDebugBuildConfig UP-TO-DATE
> Task :react-native-tts:javaPreCompileDebug UP-TO-DATE
> Task :react-native-tts:compileDebugJavaWithJavac UP-TO-DATE
> Task :react-native-tts:bundleLibCompileToJarDebug UP-TO-DATE
> Task :react-native-video:checkKotlinGradlePluginConfigurationErrors SKIPPED
> Task :react-native-video:generateDebugBuildConfig UP-TO-DATE
> Task :react-native-video:compileDebugKotlin UP-TO-DATE
> Task :react-native-video:javaPreCompileDebug UP-TO-DATE
> Task :react-native-video:compileDebugJavaWithJavac UP-TO-DATE
> Task :react-native-video:bundleLibCompileToJarDebug UP-TO-DATE
> Task :react-native-voice_voice:generateDebugBuildConfig UP-TO-DATE
> Task :react-native-voice_voice:javaPreCompileDebug UP-TO-DATE
> Task :react-native-voice_voice:compileDebugJavaWithJavac UP-TO-DATE
> Task :react-native-voice_voice:bundleLibCompileToJarDebug UP-TO-DATE
> Task :react-native-wakeword:generateDebugBuildConfig UP-TO-DATE
> Task :react-native-wakeword:javaPreCompileDebug UP-TO-DATE
> Task :react-native-wakeword:compileDebugJavaWithJavac UP-TO-DATE
> Task :react-native-wakeword:bundleLibCompileToJarDebug UP-TO-DATE
> Task :react-native-webview:checkKotlinGradlePluginConfigurationErrors SKIPPED
> Task :react-native-webview:generateDebugBuildConfig UP-TO-DATE
> Task :react-native-webview:compileDebugKotlin UP-TO-DATE
> Task :react-native-webview:javaPreCompileDebug UP-TO-DATE
> Task :react-native-webview:compileDebugJavaWithJavac UP-TO-DATE
> Task :react-native-webview:bundleLibCompileToJarDebug UP-TO-DATE
> Task :whisper.rn:generateDebugBuildConfig UP-TO-DATE
> Task :whisper.rn:javaPreCompileDebug UP-TO-DATE
> Task :whisper.rn:compileDebugJavaWithJavac UP-TO-DATE
> Task :whisper.rn:bundleLibCompileToJarDebug UP-TO-DATE
> Task :app:compileDebugKotlin UP-TO-DATE
> Task :app:javaPreCompileDebug UP-TO-DATE
> Task :app:compileDebugJavaWithJavac UP-TO-DATE
> Task :app:mergeDebugShaders UP-TO-DATE
> Task :app:compileDebugShaders NO-SOURCE
> Task :app:generateDebugAssets UP-TO-DATE
> Task :lottie-react-native:mergeDebugShaders UP-TO-DATE
> Task :lottie-react-native:compileDebugShaders NO-SOURCE
> Task :lottie-react-native:generateDebugAssets UP-TO-DATE
> Task :lottie-react-native:packageDebugAssets UP-TO-DATE
> Task :mixpanel-react-native:mergeDebugShaders UP-TO-DATE
> Task :mixpanel-react-native:compileDebugShaders NO-SOURCE
> Task :mixpanel-react-native:generateDebugAssets UP-TO-DATE
> Task :mixpanel-react-native:packageDebugAssets UP-TO-DATE
> Task :react-native-audio-record:mergeDebugShaders UP-TO-DATE
> Task :react-native-audio-record:compileDebugShaders NO-SOURCE
> Task :react-native-audio-record:generateDebugAssets UP-TO-DATE
> Task :react-native-audio-record:packageDebugAssets UP-TO-DATE
> Task :react-native-audio-recorder-player:mergeDebugShaders UP-TO-DATE
> Task :react-native-audio-recorder-player:compileDebugShaders NO-SOURCE
> Task :react-native-audio-recorder-player:generateDebugAssets UP-TO-DATE
> Task :react-native-audio-recorder-player:packageDebugAssets UP-TO-DATE
> Task :react-native-auth0:mergeDebugShaders UP-TO-DATE
> Task :react-native-auth0:compileDebugShaders NO-SOURCE
> Task :react-native-auth0:generateDebugAssets UP-TO-DATE
> Task :react-native-auth0:packageDebugAssets UP-TO-DATE
> Task :react-native-community_geolocation:mergeDebugShaders UP-TO-DATE
> Task :react-native-community_geolocation:compileDebugShaders NO-SOURCE
> Task :react-native-community_geolocation:generateDebugAssets UP-TO-DATE
> Task :react-native-community_geolocation:packageDebugAssets UP-TO-DATE
> Task :react-native-community_netinfo:mergeDebugShaders UP-TO-DATE
> Task :react-native-community_netinfo:compileDebugShaders NO-SOURCE
> Task :react-native-community_netinfo:generateDebugAssets UP-TO-DATE
> Task :react-native-community_netinfo:packageDebugAssets UP-TO-DATE
> Task :react-native-community_slider:mergeDebugShaders UP-TO-DATE
> Task :react-native-community_slider:compileDebugShaders NO-SOURCE
> Task :react-native-community_slider:generateDebugAssets UP-TO-DATE
> Task :react-native-community_slider:packageDebugAssets UP-TO-DATE
> Task :react-native-config:mergeDebugShaders UP-TO-DATE
> Task :react-native-config:compileDebugShaders NO-SOURCE
> Task :react-native-config:generateDebugAssets UP-TO-DATE
> Task :react-native-config:packageDebugAssets UP-TO-DATE
> Task :react-native-default-preference:mergeDebugShaders UP-TO-DATE
> Task :react-native-default-preference:compileDebugShaders NO-SOURCE
> Task :react-native-default-preference:generateDebugAssets UP-TO-DATE
> Task :react-native-default-preference:packageDebugAssets UP-TO-DATE
> Task :react-native-device-info:mergeDebugShaders UP-TO-DATE
> Task :react-native-device-info:compileDebugShaders NO-SOURCE
> Task :react-native-device-info:generateDebugAssets UP-TO-DATE
> Task :react-native-device-info:packageDebugAssets UP-TO-DATE
> Task :react-native-fast-image:mergeDebugShaders UP-TO-DATE
> Task :react-native-fast-image:compileDebugShaders NO-SOURCE
> Task :react-native-fast-image:generateDebugAssets UP-TO-DATE
> Task :react-native-fast-image:packageDebugAssets UP-TO-DATE
> Task :react-native-fs:mergeDebugShaders UP-TO-DATE
> Task :react-native-fs:compileDebugShaders NO-SOURCE
> Task :react-native-fs:generateDebugAssets UP-TO-DATE
> Task :react-native-fs:packageDebugAssets UP-TO-DATE
> Task :react-native-gesture-handler:mergeDebugShaders UP-TO-DATE
> Task :react-native-gesture-handler:compileDebugShaders NO-SOURCE
> Task :react-native-gesture-handler:generateDebugAssets UP-TO-DATE
> Task :react-native-gesture-handler:packageDebugAssets UP-TO-DATE
> Task :react-native-iap:mergePlayDebugShaders UP-TO-DATE
> Task :react-native-iap:compilePlayDebugShaders NO-SOURCE
> Task :react-native-iap:generatePlayDebugAssets UP-TO-DATE
> Task :react-native-iap:packagePlayDebugAssets UP-TO-DATE
> Task :react-native-image-picker:mergeDebugShaders UP-TO-DATE
> Task :react-native-image-picker:compileDebugShaders NO-SOURCE
> Task :react-native-image-picker:generateDebugAssets UP-TO-DATE
> Task :react-native-image-picker:packageDebugAssets UP-TO-DATE
> Task :react-native-linear-gradient:mergeDebugShaders UP-TO-DATE
> Task :react-native-linear-gradient:compileDebugShaders NO-SOURCE
> Task :react-native-linear-gradient:generateDebugAssets UP-TO-DATE
> Task :react-native-linear-gradient:packageDebugAssets UP-TO-DATE
> Task :react-native-orientation-locker:mergeDebugShaders UP-TO-DATE
> Task :react-native-orientation-locker:compileDebugShaders NO-SOURCE
> Task :react-native-orientation-locker:generateDebugAssets UP-TO-DATE
> Task :react-native-orientation-locker:packageDebugAssets UP-TO-DATE
> Task :react-native-permissions:mergeDebugShaders UP-TO-DATE
> Task :react-native-permissions:compileDebugShaders NO-SOURCE
> Task :react-native-permissions:generateDebugAssets UP-TO-DATE
> Task :react-native-permissions:packageDebugAssets UP-TO-DATE
> Task :react-native-reanimated:mergeDebugShaders UP-TO-DATE
> Task :react-native-reanimated:compileDebugShaders NO-SOURCE
> Task :react-native-reanimated:generateDebugAssets UP-TO-DATE
> Task :react-native-reanimated:packageDebugAssets UP-TO-DATE
> Task :react-native-safe-area-context:mergeDebugShaders UP-TO-DATE
> Task :react-native-safe-area-context:compileDebugShaders NO-SOURCE
> Task :react-native-safe-area-context:generateDebugAssets UP-TO-DATE
> Task :react-native-safe-area-context:packageDebugAssets UP-TO-DATE
> Task :react-native-sound:mergeDebugShaders UP-TO-DATE
> Task :react-native-sound:compileDebugShaders NO-SOURCE
> Task :react-native-sound:generateDebugAssets UP-TO-DATE
> Task :react-native-sound:packageDebugAssets UP-TO-DATE
> Task :react-native-sqlite-storage:mergeDebugShaders UP-TO-DATE
> Task :react-native-sqlite-storage:compileDebugShaders NO-SOURCE
> Task :react-native-sqlite-storage:generateDebugAssets UP-TO-DATE
> Task :react-native-sqlite-storage:packageDebugAssets UP-TO-DATE
> Task :react-native-tts:mergeDebugShaders UP-TO-DATE
> Task :react-native-tts:compileDebugShaders NO-SOURCE
> Task :react-native-tts:generateDebugAssets UP-TO-DATE
> Task :react-native-tts:packageDebugAssets UP-TO-DATE
> Task :react-native-video:mergeDebugShaders UP-TO-DATE
> Task :react-native-video:compileDebugShaders NO-SOURCE
> Task :react-native-video:generateDebugAssets UP-TO-DATE
> Task :react-native-video:packageDebugAssets UP-TO-DATE
> Task :react-native-voice_voice:mergeDebugShaders UP-TO-DATE
> Task :react-native-voice_voice:compileDebugShaders NO-SOURCE
> Task :react-native-voice_voice:generateDebugAssets UP-TO-DATE
> Task :react-native-voice_voice:packageDebugAssets UP-TO-DATE
> Task :react-native-wakeword:mergeDebugShaders UP-TO-DATE
> Task :react-native-wakeword:compileDebugShaders NO-SOURCE
> Task :react-native-wakeword:generateDebugAssets UP-TO-DATE
> Task :react-native-wakeword:packageDebugAssets UP-TO-DATE
> Task :react-native-webview:mergeDebugShaders UP-TO-DATE
> Task :react-native-webview:compileDebugShaders NO-SOURCE
> Task :react-native-webview:generateDebugAssets UP-TO-DATE
> Task :react-native-webview:packageDebugAssets UP-TO-DATE
> Task :whisper.rn:mergeDebugShaders UP-TO-DATE
> Task :whisper.rn:compileDebugShaders NO-SOURCE
> Task :whisper.rn:generateDebugAssets UP-TO-DATE
> Task :whisper.rn:packageDebugAssets UP-TO-DATE
> Task :app:mergeDebugAssets UP-TO-DATE
> Task :app:compressDebugAssets UP-TO-DATE
> Task :lottie-react-native:bundleLibRuntimeToJarDebug UP-TO-DATE
> Task :react-native-gesture-handler:bundleLibRuntimeToJarDebug UP-TO-DATE
> Task :react-native-iap:bundleLibRuntimeToJarPlayDebug UP-TO-DATE
> Task :react-native-permissions:bundleLibRuntimeToJarDebug UP-TO-DATE
> Task :react-native-safe-area-context:bundleLibRuntimeToJarDebug UP-TO-DATE
> Task :react-native-video:bundleLibRuntimeToJarDebug UP-TO-DATE
> Task :react-native-webview:bundleLibRuntimeToJarDebug UP-TO-DATE
> Task :react-native-community_geolocation:bundleLibRuntimeToJarDebug UP-TO-DATE
> Task :react-native-community_netinfo:bundleLibRuntimeToJarDebug UP-TO-DATE
> Task :react-native-community_slider:bundleLibRuntimeToJarDebug UP-TO-DATE
> Task :react-native-voice_voice:bundleLibRuntimeToJarDebug UP-TO-DATE
> Task :mixpanel-react-native:bundleLibRuntimeToJarDebug UP-TO-DATE
> Task :react-native-audio-recorder-player:bundleLibRuntimeToJarDebug UP-TO-DATE
> Task :react-native-auth0:bundleLibRuntimeToJarDebug UP-TO-DATE
> Task :react-native-config:bundleLibRuntimeToJarDebug UP-TO-DATE
> Task :react-native-default-preference:bundleLibRuntimeToJarDebug UP-TO-DATE
> Task :react-native-device-info:bundleLibRuntimeToJarDebug UP-TO-DATE
> Task :react-native-fast-image:bundleLibRuntimeToJarDebug UP-TO-DATE
> Task :react-native-fs:bundleLibRuntimeToJarDebug UP-TO-DATE
> Task :react-native-image-picker:bundleLibRuntimeToJarDebug UP-TO-DATE
> Task :react-native-linear-gradient:bundleLibRuntimeToJarDebug UP-TO-DATE
> Task :react-native-orientation-locker:bundleLibRuntimeToJarDebug UP-TO-DATE
> Task :react-native-reanimated:bundleLibRuntimeToJarDebug UP-TO-DATE
> Task :react-native-sqlite-storage:bundleLibRuntimeToJarDebug UP-TO-DATE
> Task :react-native-tts:bundleLibRuntimeToJarDebug UP-TO-DATE
> Task :react-native-wakeword:bundleLibRuntimeToJarDebug UP-TO-DATE
> Task :whisper.rn:bundleLibRuntimeToJarDebug UP-TO-DATE
> Task :react-native-audio-record:bundleLibRuntimeToJarDebug UP-TO-DATE
> Task :react-native-sound:bundleLibRuntimeToJarDebug UP-TO-DATE
> Task :app:desugarDebugFileDependencies UP-TO-DATE
> Task :app:dexBuilderDebug UP-TO-DATE
> Task :app:mergeDebugGlobalSynthetics UP-TO-DATE
> Task :app:processDebugJavaRes UP-TO-DATE
> Task :lottie-react-native:processDebugJavaRes UP-TO-DATE
> Task :mixpanel-react-native:processDebugJavaRes NO-SOURCE
> Task :react-native-audio-record:processDebugJavaRes NO-SOURCE
> Task :react-native-audio-recorder-player:processDebugJavaRes UP-TO-DATE
> Task :react-native-auth0:processDebugJavaRes NO-SOURCE
> Task :react-native-community_geolocation:processDebugJavaRes NO-SOURCE
> Task :react-native-community_netinfo:processDebugJavaRes NO-SOURCE
> Task :react-native-community_slider:processDebugJavaRes NO-SOURCE
> Task :react-native-config:processDebugJavaRes NO-SOURCE
> Task :react-native-default-preference:processDebugJavaRes NO-SOURCE
> Task :react-native-device-info:processDebugJavaRes NO-SOURCE
> Task :react-native-fast-image:processDebugJavaRes UP-TO-DATE
> Task :react-native-fs:processDebugJavaRes NO-SOURCE
> Task :react-native-gesture-handler:processDebugJavaRes UP-TO-DATE
> Task :react-native-iap:processPlayDebugJavaRes UP-TO-DATE
> Task :react-native-image-picker:processDebugJavaRes NO-SOURCE
> Task :react-native-linear-gradient:processDebugJavaRes NO-SOURCE
> Task :react-native-orientation-locker:processDebugJavaRes NO-SOURCE
> Task :react-native-permissions:processDebugJavaRes UP-TO-DATE
> Task :react-native-reanimated:processDebugJavaRes NO-SOURCE
> Task :react-native-safe-area-context:processDebugJavaRes UP-TO-DATE
> Task :react-native-sound:processDebugJavaRes NO-SOURCE
> Task :react-native-sqlite-storage:processDebugJavaRes NO-SOURCE
> Task :react-native-tts:processDebugJavaRes NO-SOURCE
> Task :react-native-video:processDebugJavaRes UP-TO-DATE
> Task :react-native-voice_voice:processDebugJavaRes NO-SOURCE
> Task :react-native-wakeword:processDebugJavaRes NO-SOURCE
> Task :react-native-webview:processDebugJavaRes UP-TO-DATE
> Task :whisper.rn:processDebugJavaRes NO-SOURCE
> Task :app:mergeDebugJavaResource UP-TO-DATE
> Task :app:checkDebugDuplicateClasses UP-TO-DATE
> Task :app:mergeExtDexDebug UP-TO-DATE
> Task :lottie-react-native:bundleLibRuntimeToDirDebug UP-TO-DATE
> Task :react-native-gesture-handler:bundleLibRuntimeToDirDebug UP-TO-DATE
> Task :react-native-iap:bundleLibRuntimeToDirPlayDebug UP-TO-DATE
> Task :react-native-permissions:bundleLibRuntimeToDirDebug UP-TO-DATE
> Task :react-native-safe-area-context:bundleLibRuntimeToDirDebug UP-TO-DATE
> Task :react-native-video:bundleLibRuntimeToDirDebug UP-TO-DATE
> Task :react-native-webview:bundleLibRuntimeToDirDebug UP-TO-DATE
> Task :react-native-community_geolocation:bundleLibRuntimeToDirDebug UP-TO-DATE
> Task :react-native-community_netinfo:bundleLibRuntimeToDirDebug UP-TO-DATE
> Task :react-native-community_slider:bundleLibRuntimeToDirDebug UP-TO-DATE
> Task :react-native-voice_voice:bundleLibRuntimeToDirDebug UP-TO-DATE
> Task :mixpanel-react-native:bundleLibRuntimeToDirDebug UP-TO-DATE
> Task :react-native-audio-recorder-player:bundleLibRuntimeToDirDebug UP-TO-DATE
> Task :react-native-auth0:bundleLibRuntimeToDirDebug UP-TO-DATE
> Task :react-native-config:bundleLibRuntimeToDirDebug UP-TO-DATE
> Task :react-native-default-preference:bundleLibRuntimeToDirDebug UP-TO-DATE
> Task :react-native-device-info:bundleLibRuntimeToDirDebug UP-TO-DATE
> Task :react-native-fast-image:bundleLibRuntimeToDirDebug UP-TO-DATE
> Task :react-native-fs:bundleLibRuntimeToDirDebug UP-TO-DATE
> Task :react-native-image-picker:bundleLibRuntimeToDirDebug UP-TO-DATE
> Task :react-native-linear-gradient:bundleLibRuntimeToDirDebug UP-TO-DATE
> Task :react-native-orientation-locker:bundleLibRuntimeToDirDebug UP-TO-DATE
> Task :react-native-reanimated:bundleLibRuntimeToDirDebug UP-TO-DATE
> Task :react-native-sqlite-storage:bundleLibRuntimeToDirDebug UP-TO-DATE
> Task :react-native-tts:bundleLibRuntimeToDirDebug UP-TO-DATE
> Task :react-native-wakeword:bundleLibRuntimeToDirDebug UP-TO-DATE
> Task :whisper.rn:bundleLibRuntimeToDirDebug UP-TO-DATE
> Task :react-native-audio-record:bundleLibRuntimeToDirDebug UP-TO-DATE
> Task :react-native-sound:bundleLibRuntimeToDirDebug UP-TO-DATE
> Task :app:mergeProjectDexDebug UP-TO-DATE
> Task :react-native-reanimated:configureCMakeDebug[arm64-v8a]
> Task :app:mergeLibDexDebug UP-TO-DATE
> Task :react-native-reanimated:configureCMakeDebug[armeabi-v7a]
> Task :react-native-reanimated:configureCMakeDebug[x86]
> Task :react-native-reanimated:configureCMakeDebug[x86_64]
> Task :react-native-reanimated:generateJsonModelDebug
> Task :react-native-reanimated:prefabDebugConfigurePackage UP-TO-DATE
> Task :app:configureCMakeDebug[arm64-v8a]
> Task :react-native-reanimated:buildCMakeDebug[arm64-v8a][reanimated,worklets]
> Task :react-native-reanimated:buildCMakeDebug[armeabi-v7a][reanimated,worklets]
> Task :react-native-reanimated:buildCMakeDebug[x86][reanimated,worklets]
> Task :react-native-reanimated:buildCMakeDebug[x86_64][reanimated,worklets]
> Task :react-native-reanimated:externalNativeBuildDebug
> Task :react-native-reanimated:prefabDebugPackage UP-TO-DATE
> Task :app:buildCMakeDebug[arm64-v8a]
> Task :app:configureCMakeDebug[armeabi-v7a]
> Task :app:buildCMakeDebug[armeabi-v7a]
> Task :app:configureCMakeDebug[x86]
> Task :app:buildCMakeDebug[x86]
> Task :app:configureCMakeDebug[x86_64]
> Task :app:buildCMakeDebug[x86_64]
> Task :app:mergeDebugJniLibFolders UP-TO-DATE
> Task :lottie-react-native:mergeDebugJniLibFolders UP-TO-DATE
> Task :lottie-react-native:mergeDebugNativeLibs NO-SOURCE
> Task :lottie-react-native:copyDebugJniLibsProjectOnly UP-TO-DATE
> Task :mixpanel-react-native:mergeDebugJniLibFolders UP-TO-DATE
> Task :mixpanel-react-native:mergeDebugNativeLibs NO-SOURCE
> Task :mixpanel-react-native:copyDebugJniLibsProjectOnly UP-TO-DATE
> Task :react-native-audio-record:mergeDebugJniLibFolders UP-TO-DATE
> Task :react-native-audio-record:mergeDebugNativeLibs NO-SOURCE
> Task :react-native-audio-record:copyDebugJniLibsProjectOnly UP-TO-DATE
> Task :react-native-audio-recorder-player:mergeDebugJniLibFolders UP-TO-DATE
> Task :react-native-audio-recorder-player:mergeDebugNativeLibs NO-SOURCE
> Task :react-native-audio-recorder-player:copyDebugJniLibsProjectOnly UP-TO-DATE
> Task :react-native-auth0:mergeDebugJniLibFolders UP-TO-DATE
> Task :react-native-auth0:mergeDebugNativeLibs NO-SOURCE
> Task :react-native-auth0:copyDebugJniLibsProjectOnly UP-TO-DATE
> Task :react-native-community_geolocation:mergeDebugJniLibFolders UP-TO-DATE
> Task :react-native-community_geolocation:mergeDebugNativeLibs NO-SOURCE
> Task :react-native-community_geolocation:copyDebugJniLibsProjectOnly UP-TO-DATE
> Task :react-native-community_netinfo:mergeDebugJniLibFolders UP-TO-DATE
> Task :react-native-community_netinfo:mergeDebugNativeLibs NO-SOURCE
> Task :react-native-community_netinfo:copyDebugJniLibsProjectOnly UP-TO-DATE
> Task :react-native-community_slider:mergeDebugJniLibFolders UP-TO-DATE
> Task :react-native-community_slider:mergeDebugNativeLibs NO-SOURCE
> Task :react-native-community_slider:copyDebugJniLibsProjectOnly UP-TO-DATE
> Task :react-native-config:mergeDebugJniLibFolders UP-TO-DATE
> Task :react-native-config:mergeDebugNativeLibs NO-SOURCE
> Task :react-native-config:copyDebugJniLibsProjectOnly UP-TO-DATE
> Task :react-native-default-preference:mergeDebugJniLibFolders UP-TO-DATE
> Task :react-native-default-preference:mergeDebugNativeLibs NO-SOURCE
> Task :react-native-default-preference:copyDebugJniLibsProjectOnly UP-TO-DATE
> Task :react-native-device-info:mergeDebugJniLibFolders UP-TO-DATE
> Task :react-native-device-info:mergeDebugNativeLibs NO-SOURCE
> Task :react-native-device-info:copyDebugJniLibsProjectOnly UP-TO-DATE
> Task :react-native-fast-image:mergeDebugJniLibFolders UP-TO-DATE
> Task :react-native-fast-image:mergeDebugNativeLibs NO-SOURCE
> Task :react-native-fast-image:copyDebugJniLibsProjectOnly UP-TO-DATE
> Task :react-native-fs:mergeDebugJniLibFolders UP-TO-DATE
> Task :react-native-fs:mergeDebugNativeLibs NO-SOURCE
> Task :react-native-fs:copyDebugJniLibsProjectOnly UP-TO-DATE
> Task :react-native-gesture-handler:configureCMakeDebug[arm64-v8a]
> Task :react-native-gesture-handler:buildCMakeDebug[arm64-v8a]
> Task :react-native-gesture-handler:configureCMakeDebug[armeabi-v7a]
> Task :react-native-gesture-handler:buildCMakeDebug[armeabi-v7a]
> Task :react-native-gesture-handler:configureCMakeDebug[x86]
> Task :react-native-gesture-handler:buildCMakeDebug[x86]
> Task :react-native-gesture-handler:configureCMakeDebug[x86_64]
> Task :react-native-gesture-handler:buildCMakeDebug[x86_64]
> Task :react-native-gesture-handler:mergeDebugJniLibFolders UP-TO-DATE
> Task :react-native-gesture-handler:mergeDebugNativeLibs UP-TO-DATE
> Task :react-native-gesture-handler:copyDebugJniLibsProjectOnly UP-TO-DATE
> Task :react-native-iap:mergePlayDebugJniLibFolders UP-TO-DATE
> Task :react-native-iap:mergePlayDebugNativeLibs NO-SOURCE
> Task :react-native-iap:copyPlayDebugJniLibsProjectOnly UP-TO-DATE
> Task :react-native-image-picker:mergeDebugJniLibFolders UP-TO-DATE
> Task :react-native-image-picker:mergeDebugNativeLibs NO-SOURCE
> Task :react-native-image-picker:copyDebugJniLibsProjectOnly UP-TO-DATE
> Task :react-native-linear-gradient:mergeDebugJniLibFolders UP-TO-DATE
> Task :react-native-linear-gradient:mergeDebugNativeLibs NO-SOURCE
> Task :react-native-linear-gradient:copyDebugJniLibsProjectOnly UP-TO-DATE
> Task :react-native-orientation-locker:mergeDebugJniLibFolders UP-TO-DATE
> Task :react-native-orientation-locker:mergeDebugNativeLibs NO-SOURCE
> Task :react-native-orientation-locker:copyDebugJniLibsProjectOnly UP-TO-DATE
> Task :react-native-permissions:mergeDebugJniLibFolders UP-TO-DATE
> Task :react-native-permissions:mergeDebugNativeLibs NO-SOURCE
> Task :react-native-permissions:copyDebugJniLibsProjectOnly UP-TO-DATE
> Task :react-native-reanimated:mergeDebugJniLibFolders UP-TO-DATE
> Task :react-native-reanimated:mergeDebugNativeLibs UP-TO-DATE
> Task :react-native-reanimated:copyDebugJniLibsProjectOnly UP-TO-DATE
> Task :react-native-safe-area-context:mergeDebugJniLibFolders UP-TO-DATE
> Task :react-native-safe-area-context:mergeDebugNativeLibs NO-SOURCE
> Task :react-native-safe-area-context:copyDebugJniLibsProjectOnly UP-TO-DATE
> Task :react-native-sound:mergeDebugJniLibFolders UP-TO-DATE
> Task :react-native-sound:mergeDebugNativeLibs NO-SOURCE
> Task :react-native-sound:copyDebugJniLibsProjectOnly UP-TO-DATE
> Task :react-native-sqlite-storage:mergeDebugJniLibFolders UP-TO-DATE
> Task :react-native-sqlite-storage:mergeDebugNativeLibs NO-SOURCE
> Task :react-native-sqlite-storage:copyDebugJniLibsProjectOnly UP-TO-DATE
> Task :react-native-tts:mergeDebugJniLibFolders UP-TO-DATE
> Task :react-native-tts:mergeDebugNativeLibs NO-SOURCE
> Task :react-native-tts:copyDebugJniLibsProjectOnly UP-TO-DATE
> Task :react-native-video:mergeDebugJniLibFolders UP-TO-DATE
> Task :react-native-video:mergeDebugNativeLibs NO-SOURCE
> Task :react-native-video:copyDebugJniLibsProjectOnly UP-TO-DATE
> Task :react-native-voice_voice:mergeDebugJniLibFolders UP-TO-DATE
> Task :react-native-voice_voice:mergeDebugNativeLibs NO-SOURCE
> Task :react-native-voice_voice:copyDebugJniLibsProjectOnly UP-TO-DATE
> Task :react-native-wakeword:mergeDebugJniLibFolders UP-TO-DATE
> Task :react-native-wakeword:mergeDebugNativeLibs NO-SOURCE
> Task :react-native-wakeword:copyDebugJniLibsProjectOnly UP-TO-DATE
> Task :react-native-webview:mergeDebugJniLibFolders UP-TO-DATE
> Task :react-native-webview:mergeDebugNativeLibs NO-SOURCE
> Task :react-native-webview:copyDebugJniLibsProjectOnly UP-TO-DATE
> Task :whisper.rn:configureCMakeDebug[arm64-v8a]
> Task :whisper.rn:buildCMakeDebug[arm64-v8a]
> Task :whisper.rn:configureCMakeDebug[armeabi-v7a]
> Task :whisper.rn:buildCMakeDebug[armeabi-v7a]
> Task :whisper.rn:configureCMakeDebug[x86]
> Task :whisper.rn:buildCMakeDebug[x86]
> Task :whisper.rn:configureCMakeDebug[x86_64]
> Task :whisper.rn:buildCMakeDebug[x86_64]
> Task :whisper.rn:mergeDebugJniLibFolders UP-TO-DATE
> Task :whisper.rn:mergeDebugNativeLibs UP-TO-DATE
> Task :whisper.rn:copyDebugJniLibsProjectOnly UP-TO-DATE
> Task :app:mergeDebugNativeLibs UP-TO-DATE
> Task :app:stripDebugDebugSymbols UP-TO-DATE
> Task :app:validateSigningDebug UP-TO-DATE
> Task :app:writeDebugAppMetadata UP-TO-DATE
> Task :app:writeDebugSigningConfigVersions UP-TO-DATE
> Task :app:packageDebug UP-TO-DATE
> Task :app:createDebugApkListingFileRedirect UP-TO-DATE

> Task :app:installDebug
Installing APK 'app-debug.apk' on 'SM-S911U1 - 15' for :app:debug
Installed on 1 device.

[Incubating] Problems report is available at: file:///Users/lori/Documents/Dev/Matalk/Matalk/android/build/reports/problems/problems-report.html

Deprecated Gradle features were used in this build, making it incompatible with Gradle 9.0.

You can use '--warning-mode all' to show the individual deprecation warnings and determine if they come from your own scripts or plugins.

For more on this, please refer to https://docs.gradle.org/8.12/userguide/command_line_interface.html#sec:command_line_warnings in the Gradle documentation.

BUILD SUCCESSFUL in 15s
680 actionable tasks: 34 executed, 646 up-to-date
info Connecting to the development server...
info Starting the app on "R3CWA0K86GA"...
Starting: Intent { act=android.intent.action.MAIN cat=[android.intent.category.LAUNCHER] cmp=com.verbali.matalkai/.MainActivity }
